<?xml version="1.0" encoding="UTF-8"?>
<testng-results ignored="0" total="1" passed="1" failed="0" skipped="0">
  <reporter-output>
  </reporter-output>
  <suite started-at="2021-11-06T16:23:40 IST" name="tests.TestExample" finished-at="2021-11-06T16:23:53 IST" duration-ms="12277">
    <groups>
    </groups>
    <test started-at="2021-11-06T16:23:40 IST" name="Command line test" finished-at="2021-11-06T16:23:53 IST" duration-ms="12277">
      <class name="tests.TestExample">
        <test-method signature="test_1()[pri:0, instance:tests.TestExample@548ad73b]" started-at="2021-11-06T16:23:41 IST" name="test_1" finished-at="2021-11-06T16:23:52 IST" duration-ms="11945" status="PASS">
          <reporter-output>
          </reporter-output>
        </test-method> <!-- test_1 -->
      </class> <!-- tests.TestExample -->
    </test> <!-- Command line test -->
  </suite> <!-- tests.TestExample -->
</testng-results>
